[2026-07-22 15:43:30] [INFO] CpolarGuard started. ScriptDir=D:\Code\OpenCpolarSync\Cpolar
[2026-07-22 15:43:30] [INFO] Poll interval: 300s | Debug=True
[2026-07-22 15:43:30] [INFO] Guard loop started.
[2026-07-22 15:43:30] [INFO] Attempting login with fields: username, password
[2026-07-22 15:43:30] [INFO] Login responded: code=403 msg=GetUserByPassword error
[2026-07-22 15:43:30] [INFO] Attempting login with fields: email, password
[2026-07-22 15:43:30] [INFO] Login successful
[2026-07-22 15:43:30] [CHECK] Fetching tunnels from: http://localhost:9200/api/v1/tunnels
[2026-07-22 15:43:30] [WARN] API(query) failed: 401 - (无法读取响应体)
[2026-07-22 15:43:30] [WARN] Token query param failed, trying Bearer header...
[2026-07-22 15:43:30] [CHECK] Fetched 1 tunnels
[2026-07-22 15:43:30] [INFO] Raw API response: {
  "data": {
    "total": 1,
    "items": [
      {
        "id": "154eae25-6566-4178-b5ff-d6eb53b0a428",
        "name": "OpenListHC",
        "configuration": {
          "name": "OpenListHC",
          "id": "154eae25-6566-4178-b5ff-d6eb53b0a428",
          "subdomain": "",
          "hostname": "",
          "proto": "http",
          "auth": "",
          "addr": "5244",
          "inspect": "false",
          "host_header": "",
          "bind_tls": "true",
          "crt": "",
          "key": "",
          "client_cas": "",
          "remote_addr": "",
          "region": "cn_top",
          "disable_keep_alives": "false",
          "redirect_https": "false",
          "start_type": "enable",
          "permanent": true
        },
        "status": "active",
        "public_url": ...
[2026-07-22 15:43:30] [INFO] 变更检测: 0 新增, 1 更新, 0 离线
[2026-07-22 15:43:30] [INFO] 钉钉推送成功
[2026-07-22 15:43:30] [INFO] 推送完成
[2026-07-22 15:44:42] [INFO] CpolarGuard started. ScriptDir=D:\Code\OpenCpolarSync\Cpolar
[2026-07-22 15:44:42] [INFO] Poll interval: 300s | Debug=True
[2026-07-22 15:44:42] [INFO] Guard loop started.
[2026-07-22 15:44:42] [INFO] Attempting login with fields: username, password
[2026-07-22 15:44:42] [INFO] Login responded: code=403 msg=GetUserByPassword error
[2026-07-22 15:44:42] [INFO] Attempting login with fields: email, password
[2026-07-22 15:44:42] [INFO] Login successful
[2026-07-22 15:44:42] [CHECK] Fetching tunnels from: http://localhost:9200/api/v1/tunnels
[2026-07-22 15:44:42] [WARN] API(query) failed: 401 - (无法读取响应体)
[2026-07-22 15:44:42] [WARN] Token query param failed, trying Bearer header...
[2026-07-22 15:44:42] [CHECK] Fetched 1 tunnels
[2026-07-22 15:44:42] [INFO] Raw API response: {
  "data": {
    "total": 1,
    "items": [
      {
        "id": "154eae25-6566-4178-b5ff-d6eb53b0a428",
        "name": "OpenListHC",
        "configuration": {
          "name": "OpenListHC",
          "id": "154eae25-6566-4178-b5ff-d6eb53b0a428",
          "subdomain": "",
          "hostname": "",
          "proto": "http",
          "auth": "",
          "addr": "5244",
          "inspect": "false",
          "host_header": "",
          "bind_tls": "true",
          "crt": "",
          "key": "",
          "client_cas": "",
          "remote_addr": "",
          "region": "cn_top",
          "disable_keep_alives": "false",
          "redirect_https": "false",
          "start_type": "enable",
          "permanent": true
        },
        "status": "active",
        "public_url": ...
[2026-07-22 15:44:42] [CHECK] 无变更，已跳过推送
[2026-07-22 15:44:58] [INFO] CpolarGuard started. ScriptDir=D:\Code\OpenCpolarSync\Cpolar
[2026-07-22 15:44:58] [INFO] Poll interval: 300s | Debug=True
[2026-07-22 15:44:58] [INFO] Guard loop started.
[2026-07-22 15:44:58] [INFO] Attempting login with fields: username, password
[2026-07-22 15:44:58] [INFO] Login responded: code=403 msg=GetUserByPassword error
[2026-07-22 15:44:58] [INFO] Attempting login with fields: email, password
[2026-07-22 15:44:58] [INFO] Login successful
[2026-07-22 15:44:58] [CHECK] Fetching tunnels from: http://localhost:9200/api/v1/tunnels
[2026-07-22 15:44:58] [WARN] API(query) failed: 401 - (无法读取响应体)
[2026-07-22 15:44:58] [WARN] Token query param failed, trying Bearer header...
[2026-07-22 15:44:58] [CHECK] Fetched 1 tunnels
[2026-07-22 15:44:58] [INFO] Raw API response: {
  "data": {
    "total": 1,
    "items": [
      {
        "id": "154eae25-6566-4178-b5ff-d6eb53b0a428",
        "name": "OpenListHC",
        "configuration": {
          "name": "OpenListHC",
          "id": "154eae25-6566-4178-b5ff-d6eb53b0a428",
          "subdomain": "",
          "hostname": "",
          "proto": "http",
          "auth": "",
          "addr": "5244",
          "inspect": "false",
          "host_header": "",
          "bind_tls": "true",
          "crt": "",
          "key": "",
          "client_cas": "",
          "remote_addr": "",
          "region": "cn_top",
          "disable_keep_alives": "false",
          "redirect_https": "false",
          "start_type": "enable",
          "permanent": true
        },
        "status": "active",
        "public_url": ...
[2026-07-22 15:44:58] [INFO] 变更检测: 1 新增, 0 更新, 0 离线
[2026-07-22 15:44:58] [INFO] 钉钉推送成功
[2026-07-22 15:44:58] [INFO] 推送完成
[2026-07-22 15:45:41] [INFO] CpolarGuard started. ScriptDir=D:\Code\OpenCpolarSync\Cpolar
[2026-07-22 15:45:41] [INFO] Poll interval: 300s | Debug=True
[2026-07-22 15:45:41] [INFO] Guard loop started.
[2026-07-22 15:45:41] [INFO] Attempting login with fields: username, password
[2026-07-22 15:45:41] [INFO] Login responded: code=403 msg=GetUserByPassword error
[2026-07-22 15:45:41] [INFO] Attempting login with fields: email, password
[2026-07-22 15:45:42] [INFO] Login successful
[2026-07-22 15:45:42] [CHECK] Fetching tunnels from: http://localhost:9200/api/v1/tunnels
[2026-07-22 15:45:42] [WARN] API(query) failed: 401 - (无法读取响应体)
[2026-07-22 15:45:42] [WARN] Token query param failed, trying Bearer header...
[2026-07-22 15:45:42] [CHECK] Fetched 1 tunnels
[2026-07-22 15:45:42] [INFO] Raw API response: {
  "data": {
    "total": 1,
    "items": [
      {
        "id": "154eae25-6566-4178-b5ff-d6eb53b0a428",
        "name": "OpenListHC",
        "configuration": {
          "name": "OpenListHC",
          "id": "154eae25-6566-4178-b5ff-d6eb53b0a428",
          "subdomain": "",
          "hostname": "",
          "proto": "http",
          "auth": "",
          "addr": "5244",
          "inspect": "false",
          "host_header": "",
          "bind_tls": "true",
          "crt": "",
          "key": "",
          "client_cas": "",
          "remote_addr": "",
          "region": "cn_top",
          "disable_keep_alives": "false",
          "redirect_https": "false",
          "start_type": "enable",
          "permanent": true
        },
        "status": "active",
        "public_url": ...
[2026-07-22 15:45:42] [INFO] 变更检测: 1 新增, 0 更新, 0 离线
[2026-07-22 15:45:42] [INFO] 钉钉推送成功
[2026-07-22 15:45:42] [INFO] 推送完成
[2026-07-22 15:46:36] [INFO] CpolarGuard started. ScriptDir=D:\Code\OpenCpolarSync\Cpolar
[2026-07-22 15:46:36] [INFO] Poll interval: 300s | Debug=True
[2026-07-22 15:46:36] [INFO] Guard loop started.
[2026-07-22 15:46:36] [INFO] Attempting login with fields: username, password
[2026-07-22 15:46:37] [INFO] Login responded: code=403 msg=GetUserByPassword error
[2026-07-22 15:46:37] [INFO] Attempting login with fields: email, password
[2026-07-22 15:46:38] [INFO] Login successful
[2026-07-22 15:46:38] [CHECK] Fetching tunnels from: http://localhost:9200/api/v1/tunnels
[2026-07-22 15:46:38] [WARN] API(query) failed: 401 - (无法读取响应体)
[2026-07-22 15:46:38] [WARN] Token query param failed, trying Bearer header...
[2026-07-22 15:46:38] [CHECK] Fetched 1 tunnels
[2026-07-22 15:46:38] [INFO] Raw API response: {
  "data": {
    "total": 1,
    "items": [
      {
        "id": "154eae25-6566-4178-b5ff-d6eb53b0a428",
        "name": "OpenListHC",
        "configuration": {
          "name": "OpenListHC",
          "id": "154eae25-6566-4178-b5ff-d6eb53b0a428",
          "subdomain": "",
          "hostname": "",
          "proto": "http",
          "auth": "",
          "addr": "5244",
          "inspect": "false",
          "host_header": "",
          "bind_tls": "true",
          "crt": "",
          "key": "",
          "client_cas": "",
          "remote_addr": "",
          "region": "cn_top",
          "disable_keep_alives": "false",
          "redirect_https": "false",
          "start_type": "enable",
          "permanent": true
        },
        "status": "active",
        "public_url": ...
[2026-07-22 15:46:38] [INFO] 变更检测: 1 新增, 0 更新, 0 离线
[2026-07-22 15:46:38] [INFO] 钉钉推送成功
[2026-07-22 15:46:38] [INFO] 推送完成
[2026-07-22 15:47:47] [INFO] CpolarGuard started. ScriptDir=D:\Code\OpenCpolarSync\Cpolar
[2026-07-22 15:47:47] [INFO] Poll interval: 300s | Debug=True
[2026-07-22 15:47:47] [INFO] Guard loop started.
[2026-07-22 15:47:47] [INFO] Attempting login with fields: username, password
[2026-07-22 15:47:47] [INFO] Login responded: code=403 msg=GetUserByPassword error
[2026-07-22 15:47:47] [INFO] Attempting login with fields: email, password
[2026-07-22 15:47:48] [INFO] Login successful
[2026-07-22 15:47:48] [CHECK] Fetching tunnels from: http://localhost:9200/api/v1/tunnels
[2026-07-22 15:47:48] [WARN] API(query) failed: 401 - (无法读取响应体)
[2026-07-22 15:47:48] [WARN] Token query param failed, trying Bearer header...
[2026-07-22 15:47:48] [CHECK] Fetched 1 tunnels
[2026-07-22 15:47:48] [INFO] Raw API response: {
  "data": {
    "total": 1,
    "items": [
      {
        "id": "154eae25-6566-4178-b5ff-d6eb53b0a428",
        "name": "OpenListHC",
        "configuration": {
          "name": "OpenListHC",
          "id": "154eae25-6566-4178-b5ff-d6eb53b0a428",
          "subdomain": "",
          "hostname": "",
          "proto": "http",
          "auth": "",
          "addr": "5244",
          "inspect": "false",
          "host_header": "",
          "bind_tls": "true",
          "crt": "",
          "key": "",
          "client_cas": "",
          "remote_addr": "",
          "region": "cn_top",
          "disable_keep_alives": "false",
          "redirect_https": "false",
          "start_type": "enable",
          "permanent": true
        },
        "status": "active",
        "public_url": ...
[2026-07-22 15:47:48] [INFO] 变更检测: 1 新增, 0 更新, 0 离线
[2026-07-22 15:47:48] [INFO] 钉钉推送成功
[2026-07-22 15:47:48] [INFO] 推送完成
[2026-07-22 15:50:00] [INFO] CpolarGuard started. ScriptDir=D:\Code\OpenCpolarSync\Cpolar
[2026-07-22 15:50:00] [INFO] Poll interval: 300s | Debug=True
[2026-07-22 15:50:00] [INFO] Guard loop started.
[2026-07-22 15:50:00] [INFO] Attempting login with fields: username, password
[2026-07-22 15:50:01] [INFO] Login responded: code=403 msg=GetUserByPassword error
[2026-07-22 15:50:01] [INFO] Attempting login with fields: email, password
[2026-07-22 15:50:01] [INFO] Login successful
[2026-07-22 15:50:01] [CHECK] Fetching tunnels from: http://localhost:9200/api/v1/tunnels
[2026-07-22 15:50:01] [WARN] API(query) failed: 401 - (无法读取响应体)
[2026-07-22 15:50:01] [WARN] Token query param failed, trying Bearer header...
[2026-07-22 15:50:01] [CHECK] Fetched 1 tunnels
[2026-07-22 15:50:01] [INFO] Raw API response: {
  "data": {
    "total": 1,
    "items": [
      {
        "id": "154eae25-6566-4178-b5ff-d6eb53b0a428",
        "name": "OpenListHC",
        "configuration": {
          "name": "OpenListHC",
          "id": "154eae25-6566-4178-b5ff-d6eb53b0a428",
          "subdomain": "",
          "hostname": "",
          "proto": "http",
          "auth": "",
          "addr": "5244",
          "inspect": "false",
          "host_header": "",
          "bind_tls": "true",
          "crt": "",
          "key": "",
          "client_cas": "",
          "remote_addr": "",
          "region": "cn_top",
          "disable_keep_alives": "false",
          "redirect_https": "false",
          "start_type": "enable",
          "permanent": true
        },
        "status": "active",
        "public_url": ...
[2026-07-22 15:50:01] [CHECK] 无变更，已跳过推送
[2026-07-22 15:50:35] [INFO] CpolarGuard started. ScriptDir=D:\Code\OpenCpolarSync\Cpolar
[2026-07-22 15:50:35] [INFO] Poll interval: 300s | Debug=True
[2026-07-22 15:50:35] [INFO] Guard loop started.
[2026-07-22 15:50:35] [INFO] Attempting login with fields: username, password
[2026-07-22 15:50:35] [INFO] Login responded: code=403 msg=GetUserByPassword error
[2026-07-22 15:50:35] [INFO] Attempting login with fields: email, password
[2026-07-22 15:50:36] [INFO] Login successful
[2026-07-22 15:50:36] [CHECK] Fetching tunnels from: http://localhost:9200/api/v1/tunnels
[2026-07-22 15:50:36] [CHECK] Fetched 1 tunnels
[2026-07-22 15:50:36] [INFO] Raw API response: {
  "data": {
    "total": 1,
    "items": [
      {
        "id": "154eae25-6566-4178-b5ff-d6eb53b0a428",
        "name": "OpenListHC",
        "configuration": {
          "name": "OpenListHC",
          "id": "154eae25-6566-4178-b5ff-d6eb53b0a428",
          "subdomain": "",
          "hostname": "",
          "proto": "http",
          "auth": "",
          "addr": "5244",
          "inspect": "false",
          "host_header": "",
          "bind_tls": "true",
          "crt": "",
          "key": "",
          "client_cas": "",
          "remote_addr": "",
          "region": "cn_top",
          "disable_keep_alives": "false",
          "redirect_https": "false",
          "start_type": "enable",
          "permanent": true
        },
        "status": "active",
        "public_url": ...
[2026-07-22 15:50:36] [CHECK] 无变更，已跳过推送
[2026-07-22 15:52:55] [INFO] CpolarGuard started. ScriptDir=D:\Code\OpenCpolarSync\Cpolar
[2026-07-22 15:52:55] [INFO] Poll interval: 300s | Debug=True
[2026-07-22 15:52:55] [INFO] Guard loop started.
[2026-07-22 15:52:55] [INFO] Attempting login with fields: username, password
[2026-07-22 15:52:55] [INFO] Login responded: code=403 msg=GetUserByPassword error
[2026-07-22 15:52:55] [INFO] Attempting login with fields: email, password
[2026-07-22 15:52:56] [INFO] Login successful
[2026-07-22 15:52:56] [CHECK] Fetching tunnels from: http://localhost:9200/api/v1/tunnels
[2026-07-22 15:52:56] [CHECK] Fetched 1 tunnels
[2026-07-22 15:52:56] [INFO] Raw API response: {
  "data": {
    "total": 1,
    "items": [
      {
        "id": "154eae25-6566-4178-b5ff-d6eb53b0a428",
        "name": "OpenListHC",
        "configuration": {
          "name": "OpenListHC",
          "id": "154eae25-6566-4178-b5ff-d6eb53b0a428",
          "subdomain": "",
          "hostname": "",
          "proto": "http",
          "auth": "",
          "addr": "5244",
          "inspect": "false",
          "host_header": "",
          "bind_tls": "true",
          "crt": "",
          "key": "",
          "client_cas": "",
          "remote_addr": "",
          "region": "cn_top",
          "disable_keep_alives": "false",
          "redirect_https": "false",
          "start_type": "enable",
          "permanent": true
        },
        "status": "active",
        "public_url": ...
[2026-07-22 15:52:56] [CHECK] 无变更，已跳过推送
